AutoECO Report
FILE-A: C:\DOCUMENTS AND SETTINGS\TASOS\DESKTOP\PCB_DESIGN_999.MAX
FILE-B: C:\DOCUMENTS AND SETTINGS\TASOS\DESKTOP\PCB_DESIGN.MNL
If "*EOF*" immediately follows, no changes were made
Adding package 74LS86
Adding package 74LS08
Adding package 74LS32
Adding package 74LS04
Adding package 74LS02
Adding package 74LS00
Adding component U17
Found footprint DIP.100/14/W.300/L.750 from PRT file for part 74LS86, comp U17
Adding component U15
Adding component U9
Adding component U7
Adding component U13
Adding component U14
Adding component U12
Adding component U1
Adding component U4
Adding component U2
Adding component U3
Adding component U16
Adding component U5
Adding component U6
Adding component U11
Adding component U10
Adding component U8
Adding net N02085
Adding net N00406
Adding net N01955
Adding net N01676
Adding net N01935
Adding net N00041
Adding net N00057
Adding net N01006
Adding net N02007
Adding net N01969
Adding net N01987
Adding net N02017
Adding net N00566
Adding net N01963
Adding net N02009
Adding net N02321
Adding net N02345
Adding net N01666
Adding net N01313
Adding net N00133
Adding net N01995
Adding net N02349
Adding net N00508
Adding net N00171
Adding net N00308
Adding net N01604
Adding net N00201
Adding net N02397
Adding net N01662
Adding net N00211
Adding net N02061
Adding net N01752
Adding net N01714
Adding net N01630
Adding net N01636
Adding net N01692
Adding net N01999
Adding net N02047
Adding net N01674
Adding net N02319
Adding net N02367
Adding net N01622
Adding net N01728
Adding net N01997
Adding net N02347
Adding net N01638
Adding net N00644
Adding net N02375
Adding net N02285
Adding net N02435
Adding net GND
Adding net VCC
Adding net N00362
Adding net N01684
Adding net N01602
Adding net N02313
Adding net N02025
Adding net N00392
Adding net N01654
Adding net N01664
Adding net N02287
Adding net N02305
Adding net N02337
Adding net N02411
Adding net N00868
Adding net N00472
Adding net N01937
Adding net N01971
Adding net N02357
Adding net N02359
Deleting component P1
Deleting net DEFAULT
*EOF*
No errors found
